TN:
SF:src/index.js
FN:24,(anonymous_0)
FN:34,(anonymous_1)
FN:44,(anonymous_2)
FN:45,(anonymous_3)
FN:60,(anonymous_4)
FN:70,(anonymous_5)
FNF:6
FNH:2
FNDA:1,(anonymous_0)
FNDA:1,(anonymous_1)
FNDA:0,(anonymous_2)
FNDA:0,(anonymous_3)
FNDA:0,(anonymous_4)
FNDA:0,(anonymous_5)
DA:1,1
DA:3,0
DA:4,0
DA:9,1
DA:10,1
DA:11,1
DA:12,1
DA:13,1
DA:14,1
DA:15,1
DA:17,1
DA:19,1
DA:20,1
DA:21,1
DA:22,1
DA:24,1
DA:25,1
DA:29,1
DA:32,1
DA:34,1
DA:35,1
DA:37,0
DA:40,1
DA:44,1
DA:45,0
DA:46,0
DA:48,0
DA:49,0
DA:51,0
DA:60,1
DA:62,0
DA:63,0
DA:70,1
DA:72,0
DA:73,0
DA:76,1
LF:36
LH:24
BRDA:1,0,0,0
BRDA:1,0,1,1
BRDA:35,1,0,0
BRDA:35,1,1,1
BRDA:46,2,0,0
BRDA:46,2,1,0
BRF:6
BRH:2
end_of_record
TN:
SF:src/config/index.js
FNF:0
FNH:0
DA:1,1
DA:3,1
DA:6,1
DA:21,1
LF:4
LH:4
BRDA:1,0,0,1
BRDA:1,0,1,0
BRDA:7,1,0,1
BRDA:7,1,1,0
BRDA:8,2,0,1
BRDA:8,2,1,1
BRDA:9,3,0,1
BRDA:9,3,1,1
BRDA:10,4,0,1
BRDA:10,4,1,1
BRDA:11,5,0,1
BRDA:11,5,1,1
BRDA:12,6,0,1
BRDA:12,6,1,1
BRDA:13,7,0,1
BRDA:13,7,1,1
BRDA:14,8,0,1
BRDA:14,8,1,1
BRDA:15,9,0,1
BRDA:15,9,1,1
BRDA:16,10,0,1
BRDA:16,10,1,1
BRDA:17,11,0,1
BRDA:17,11,1,1
BRDA:18,12,0,1
BRDA:18,12,1,1
BRF:26
BRH:24
end_of_record
TN:
SF:src/consts/index.js
FNF:0
FNH:0
DA:1,1
DA:2,1
DA:4,1
LF:3
LH:3
BRF:0
BRH:0
end_of_record
TN:
SF:src/consts/status.js
FNF:0
FNH:0
DA:1,1
LF:1
LH:1
BRF:0
BRH:0
end_of_record
TN:
SF:src/consts/version.js
FNF:0
FNH:0
DA:1,1
LF:1
LH:1
BRF:0
BRH:0
end_of_record
TN:
SF:src/controllers/employeeDetails.controller.js
FN:10,(anonymous_0)
FN:31,(anonymous_1)
FN:44,(anonymous_2)
FN:61,(anonymous_3)
FN:82,(anonymous_4)
FNF:5
FNH:5
FNDA:5,(anonymous_0)
FNDA:2,(anonymous_1)
FNDA:1,(anonymous_2)
FNDA:2,(anonymous_3)
FNDA:2,(anonymous_4)
DA:1,1
DA:2,1
DA:3,1
DA:4,1
DA:5,1
DA:6,1
DA:10,1
DA:11,5
DA:13,5
DA:14,1
DA:15,1
DA:16,1
DA:18,4
DA:20,0
DA:21,0
DA:22,0
DA:24,4
DA:26,4
DA:31,1
DA:32,2
DA:33,2
DA:34,2
DA:35,2
DA:36,1
DA:38,1
DA:44,1
DA:45,1
DA:46,1
DA:47,1
DA:48,1
DA:49,1
DA:50,1
DA:54,1
DA:56,0
DA:61,1
DA:62,2
DA:63,2
DA:64,0
DA:66,2
DA:69,2
DA:71,1
DA:74,1
DA:76,1
DA:82,1
DA:83,2
DA:84,2
DA:85,2
DA:89,2
DA:91,2
DA:94,2
DA:99,2
DA:100,0
DA:106,2
DA:107,2
DA:108,2
DA:109,2
DA:110,2
DA:111,2
DA:113,2
DA:115,2
DA:117,0
DA:120,1
LF:62
LH:55
BRDA:18,0,0,0
BRDA:18,0,1,4
BRDA:63,1,0,0
BRDA:63,1,1,2
BRDA:99,2,0,0
BRDA:99,2,1,2
BRDA:106,3,0,2
BRDA:106,3,1,0
BRDA:107,4,0,2
BRDA:107,4,1,0
BRDA:108,5,0,2
BRDA:108,5,1,0
BRDA:109,6,0,2
BRDA:109,6,1,0
BRDA:110,7,0,2
BRDA:110,7,1,0
BRF:16
BRH:8
end_of_record
TN:
SF:src/controllers/index.js
FNF:0
FNH:0
DA:1,1
DA:3,1
LF:2
LH:2
BRF:0
BRH:0
end_of_record
TN:
SF:src/managers/index.js
FNF:0
FNH:0
DA:1,1
DA:3,1
LF:2
LH:2
BRF:0
BRH:0
end_of_record
TN:
SF:src/managers/sequelize.manager.js
FNF:0
FNH:0
DA:1,1
DA:4,1
DA:5,1
DA:7,1
DA:25,1
DA:27,1
LF:6
LH:6
BRF:0
BRH:0
end_of_record
TN:
SF:src/models/employeeDetails.model.js
FN:3,(anonymous_0)
FNF:1
FNH:1
FNDA:1,(anonymous_0)
DA:3,1
LF:1
LH:1
BRF:0
BRH:0
end_of_record
TN:
SF:src/models/index.js
FNF:0
FNH:0
DA:1,1
DA:3,1
LF:2
LH:2
BRF:0
BRH:0
end_of_record
TN:
SF:src/routes/employeeDetails.route.js
FNF:0
FNH:0
DA:1,1
DA:3,1
DA:5,1
DA:7,1
DA:8,1
DA:9,1
DA:10,1
DA:11,1
DA:15,1
LF:9
LH:9
BRF:0
BRH:0
end_of_record
TN:
SF:src/routes/index.js
FN:7,(anonymous_0)
FNF:1
FNH:1
FNDA:1,(anonymous_0)
DA:1,1
DA:2,1
DA:3,1
DA:4,1
DA:6,1
DA:7,1
DA:10,1
LF:7
LH:7
BRF:0
BRH:0
end_of_record
TN:
SF:src/services/employeeDetails.service.js
FN:10,(anonymous_0)
FN:20,(anonymous_1)
FN:32,(anonymous_2)
FN:53,(anonymous_3)
FNF:4
FNH:4
FNDA:1,(anonymous_0)
FNDA:5,(anonymous_1)
FNDA:1,(anonymous_2)
FNDA:1,(anonymous_3)
DA:1,1
DA:2,1
DA:3,1
DA:4,1
DA:5,1
DA:6,1
DA:7,1
DA:10,1
DA:20,1
DA:21,5
DA:22,5
DA:25,5
DA:26,1
DA:28,4
DA:32,1
DA:33,1
DA:36,1
DA:37,0
DA:39,1
DA:40,0
DA:48,1
DA:53,1
DA:61,1
DA:62,1
DA:63,0
DA:65,1
DA:66,0
DA:70,1
DA:71,1
DA:72,1
DA:83,1
LF:31
LH:27
BRDA:25,0,0,1
BRDA:25,0,1,4
BRDA:36,1,0,0
BRDA:36,1,1,1
BRDA:39,2,0,0
BRDA:39,2,1,1
BRDA:62,3,0,0
BRDA:62,3,1,1
BRDA:65,4,0,0
BRDA:65,4,1,1
BRF:10
BRH:6
end_of_record
TN:
SF:src/services/index.js
FNF:0
FNH:0
DA:1,1
DA:3,1
LF:2
LH:2
BRF:0
BRH:0
end_of_record
TN:
SF:src/utils/index.js
FNF:0
FNH:0
DA:1,1
DA:3,1
LF:2
LH:2
BRF:0
BRH:0
end_of_record
TN:
SF:src/utils/recovery-options.js
FN:8,(anonymous_0)
FNF:1
FNH:0
FNDA:0,(anonymous_0)
DA:1,1
DA:8,1
DA:9,0
DA:23,0
DA:24,0
DA:27,0
DA:30,1
LF:7
LH:3
BRDA:8,0,0,0
BRDA:23,1,0,0
BRDA:23,1,1,0
BRF:3
BRH:0
end_of_record
TN:
SF:src/validations/add-Employee.validation.js
FNF:0
FNH:0
DA:1,1
DA:2,1
DA:4,1
LF:3
LH:3
BRF:0
BRH:0
end_of_record
TN:
SF:src/validations/get-id.validation.js
FNF:0
FNH:0
DA:1,1
DA:3,1
LF:2
LH:2
BRF:0
BRH:0
end_of_record
TN:
SF:src/validations/get-list.validation.js
FNF:0
FNH:0
DA:1,1
DA:2,1
DA:4,1
LF:3
LH:3
BRF:0
BRH:0
end_of_record
TN:
SF:src/validations/index.js
FNF:0
FNH:0
DA:1,1
DA:2,1
DA:3,1
DA:4,1
DA:5,1
DA:7,1
LF:6
LH:6
BRF:0
BRH:0
end_of_record
TN:
SF:src/validations/recovery-params-validation.js
FNF:0
FNH:0
DA:1,1
DA:3,1
LF:2
LH:2
BRF:0
BRH:0
end_of_record
TN:
SF:src/validations/update-employee.validation.js
FNF:0
FNH:0
DA:1,1
DA:2,1
DA:4,1
LF:3
LH:3
BRF:0
BRH:0
end_of_record
